生成启动时间为 2015-8-26 21:39:43。
     1>项目“E:\github\TunnelManage\MyTester2012\MyTester2012.vcxproj”在节点 2 上(Build 个目标)。
     1>ClCompile:
         C:\Program Files (x86)\Microsoft Visual Studio 11.0\VC\bin\CL.exe /c /ZI /nologo /W3 /WX- /sdl /Od /Oy- /D WIN32 /D _DEBUG /D _CONSOLE /D _UNICODE /D UNICODE /Gm /EHsc /RTC1 /MDd /GS /fp:precise /Zc:wchar_t /Zc:forScope /Yc"stdafx.h" /Fp"Debug\MyTester2012.pch" /Fo"Debug\\" /Fd"Debug\vc110.pdb" /Gd /TP /analyze- /errorReport:prompt stdafx.cpp
         stdafx.cpp
         C:\Program Files (x86)\Microsoft Visual Studio 11.0\VC\bin\CL.exe /c /ZI /nologo /W3 /WX- /sdl /Od /Oy- /D WIN32 /D _DEBUG /D _CONSOLE /D _UNICODE /D UNICODE /Gm /EHsc /RTC1 /MDd /GS /fp:precise /Zc:wchar_t /Zc:forScope /Yu"stdafx.h" /Fp"Debug\MyTester2012.pch" /Fo"Debug\\" /Fd"Debug\vc110.pdb" /Gd /TP /analyze- /errorReport:prompt MyTester2012.cpp
         MyTester2012.cpp
     1>e:\github\tunnelmanage\tunnelmanage\tunnelmanage\tunnelmanage.cpp(40): warning C4101: “e”: 未引用的局部变量
     1>e:\github\tunnelmanage\mytester2012\mytester2012.cpp(12): error C2065: “functionManage”: 未声明的标识符
     1>e:\github\tunnelmanage\mytester2012\mytester2012.cpp(12): error C2228: “.Authorized”的左边必须有类/结构/联合
                 类型是“'unknown-type'”
     1>已完成生成项目“E:\github\TunnelManage\MyTester2012\MyTester2012.vcxproj”(Build 个目标)的操作 - 失败。

生成失败。

已用时间 00:00:02.06
